[debug] [2026-06-18T20:48:09.372Z] ----------------------------------------------------------------------
[debug] [2026-06-18T20:48:09.374Z] Command:       C:\Program Files\nodejs\node.exe C:\Users\User\AppData\Roaming\npm\node_modules\firebase-tools\lib\bin\firebase.js deploy --only hosting
[debug] [2026-06-18T20:48:09.374Z] CLI Version:   15.3.1
[debug] [2026-06-18T20:48:09.374Z] Platform:      win32
[debug] [2026-06-18T20:48:09.374Z] Node Version:  v24.12.0
[debug] [2026-06-18T20:48:09.374Z] Time:          Thu Jun 18 2026 16:48:09 GMT-0400 (hora estándar de Chile)
[debug] [2026-06-18T20:48:09.374Z] ----------------------------------------------------------------------
[debug] 
[debug] [2026-06-18T20:48:09.375Z] >>> [apiv2][query] GET https://firebase-public.firebaseio.com/cli.json [none]
[debug] [2026-06-18T20:48:11.429Z] > command requires scopes: ["email","openid","https://www.googleapis.com/auth/cloudplatformprojects.readonly","https://www.googleapis.com/auth/firebase","https://www.googleapis.com/auth/cloud-platform"]
[debug] [2026-06-18T20:48:11.429Z] > authorizing via signed-in user (admin@favric.cl)
[debug] [2026-06-18T20:48:11.429Z] [iam] checking project exp-lita for permissions ["firebase.projects.get","firebasehosting.sites.update"]
[debug] [2026-06-18T20:48:11.430Z] Checked if tokens are valid: false, expires at: 1781741033514
[debug] [2026-06-18T20:48:11.430Z] Checked if tokens are valid: false, expires at: 1781741033514
[debug] [2026-06-18T20:48:11.430Z] > refreshing access token with scopes: []
[debug] [2026-06-18T20:48:11.430Z] >>> [apiv2][query] POST https://www.googleapis.com/oauth2/v3/token [none]
[debug] [2026-06-18T20:48:11.430Z] >>> [apiv2][body] POST https://www.googleapis.com/oauth2/v3/token [omitted]
[debug] [2026-06-18T20:48:11.534Z] <<< [apiv2][status] POST https://www.googleapis.com/oauth2/v3/token 400
[debug] [2026-06-18T20:48:11.534Z] <<< [apiv2][body] POST https://www.googleapis.com/oauth2/v3/token [omitted]
[error] Authentication Error: Your credentials are no longer valid. Please run firebase login --reauth

For CI servers and headless environments, generate a new token with firebase login:ci
[error] Authentication Error: Your credentials are no longer valid. Please run firebase login --reauth

For CI servers and headless environments, generate a new token with firebase login:ci
[debug] [2026-06-18T20:48:11.535Z] [iam] error while checking permissions, command may fail: Authentication Error: Your credentials are no longer valid. Please run firebase login --reauth

For CI servers and headless environments, generate a new token with firebase login:ci
[debug] [2026-06-18T20:48:11.535Z] Checked if tokens are valid: false, expires at: 1781741033514
[debug] [2026-06-18T20:48:11.535Z] Checked if tokens are valid: false, expires at: 1781741033514
[debug] [2026-06-18T20:48:11.535Z] > refreshing access token with scopes: []
[debug] [2026-06-18T20:48:11.535Z] >>> [apiv2][query] POST https://www.googleapis.com/oauth2/v3/token [none]
[debug] [2026-06-18T20:48:11.535Z] >>> [apiv2][body] POST https://www.googleapis.com/oauth2/v3/token [omitted]
[debug] [2026-06-18T20:48:11.587Z] <<< [apiv2][status] POST https://www.googleapis.com/oauth2/v3/token 400
[debug] [2026-06-18T20:48:11.587Z] <<< [apiv2][body] POST https://www.googleapis.com/oauth2/v3/token [omitted]
[error] Authentication Error: Your credentials are no longer valid. Please run firebase login --reauth

For CI servers and headless environments, generate a new token with firebase login:ci
[error] Authentication Error: Your credentials are no longer valid. Please run firebase login --reauth

For CI servers and headless environments, generate a new token with firebase login:ci
[debug] [2026-06-18T20:48:11.588Z] Authentication Error: Your credentials are no longer valid. Please run firebase login --reauth

For CI servers and headless environments, generate a new token with firebase login:ci
[error] 
[error] Error: Assertion failed: resolving hosting target of a site with no site name or target name. This should have caused an error earlier
[debug] [2026-06-18T20:48:11.811Z] <<< [apiv2][status] GET https://firebase-public.firebaseio.com/cli.json 200
[debug] [2026-06-18T20:48:11.811Z] <<< [apiv2][body] GET https://firebase-public.firebaseio.com/cli.json {"cloudBuildErrorAfter":1594252800000,"cloudBuildWarnAfter":1590019200000,"defaultNode10After":1594252800000,"minVersion":"3.0.5","node8DeploysDisabledAfter":1613390400000,"node8RuntimeDisabledAfter":1615809600000,"node8WarnAfter":1600128000000}
